Build started 4/19/2017 8:54:09 PM.
     1>Project "C:\Users\rebeccaj1211\Desktop\CS3113-Game-Programming-master\sound\NYUCodebase\NYUCodebase.vcxproj" on node 2 (Build target(s)).
     1>ClCompile:
         C:\Program Files (x86)\Microsoft Visual Studio 12.0\VC\bin\CL.exe /c /IC:\SDL2\include /IC:\SDL2_image\include /IC:\glew\include /IC:\SDL2_mixer\include /ZI /nologo /W3 /WX- /sdl /Od /Oy- /D _WINDOWS /D _MBCS /D _MBCS /Gm /EHsc /RTC1 /MDd /GS /fp:precise /Zc:wchar_t /Zc:forScope /Fo"Debug\\" /Fd"Debug\vc120.pdb" /Gd /TP /analyze- /errorReport:prompt main.cpp
         main.cpp
     1>c:\users\rebeccaj1211\desktop\cs3113-game-programming-master\sound\nyucodebase\main.cpp(37): warning C4018: '<' : signed/unsigned mismatch
     1>c:\users\rebeccaj1211\desktop\cs3113-game-programming-master\sound\nyucodebase\main.cpp(163): warning C4305: 'initializing' : truncation from 'double' to 'float'
     1>c:\users\rebeccaj1211\desktop\cs3113-game-programming-master\sound\nyucodebase\main.cpp(192): warning C4305: 'argument' : truncation from 'double' to 'float'
     1>c:\users\rebeccaj1211\desktop\cs3113-game-programming-master\sound\nyucodebase\main.cpp(201): warning C4305: 'argument' : truncation from 'double' to 'float'
     1>c:\users\rebeccaj1211\desktop\cs3113-game-programming-master\sound\nyucodebase\main.cpp(210): warning C4305: 'argument' : truncation from 'double' to 'float'
     1>c:\users\rebeccaj1211\desktop\cs3113-game-programming-master\sound\nyucodebase\main.cpp(229): warning C4244: 'argument' : conversion from 'time_t' to 'unsigned int', possible loss of data
     1>c:\users\rebeccaj1211\desktop\cs3113-game-programming-master\sound\nyucodebase\main.cpp(238): warning C4305: 'argument' : truncation from 'double' to 'float'
     1>c:\users\rebeccaj1211\desktop\cs3113-game-programming-master\sound\nyucodebase\main.cpp(239): warning C4305: 'argument' : truncation from 'double' to 'float'
     1>c:\users\rebeccaj1211\desktop\cs3113-game-programming-master\sound\nyucodebase\main.cpp(240): warning C4305: 'argument' : truncation from 'double' to 'float'
     1>c:\users\rebeccaj1211\desktop\cs3113-game-programming-master\sound\nyucodebase\main.cpp(241): warning C4305: 'argument' : truncation from 'double' to 'float'
     1>c:\users\rebeccaj1211\desktop\cs3113-game-programming-master\sound\nyucodebase\main.cpp(242): warning C4305: 'argument' : truncation from 'double' to 'float'
     1>c:\users\rebeccaj1211\desktop\cs3113-game-programming-master\sound\nyucodebase\main.cpp(250): warning C4305: 'argument' : truncation from 'double' to 'float'
     1>c:\users\rebeccaj1211\desktop\cs3113-game-programming-master\sound\nyucodebase\main.cpp(259): warning C4305: '=' : truncation from 'double' to 'float'
     1>c:\users\rebeccaj1211\desktop\cs3113-game-programming-master\sound\nyucodebase\main.cpp(330): warning C4018: '<' : signed/unsigned mismatch
     1>c:\users\rebeccaj1211\desktop\cs3113-game-programming-master\sound\nyucodebase\main.cpp(349): warning C4244: '=' : conversion from 'double' to 'float', possible loss of data
     1>c:\users\rebeccaj1211\desktop\cs3113-game-programming-master\sound\nyucodebase\main.cpp(355): warning C4244: '=' : conversion from 'double' to 'float', possible loss of data
     1>c:\users\rebeccaj1211\desktop\cs3113-game-programming-master\sound\nyucodebase\main.cpp(363): warning C4244: '=' : conversion from 'double' to 'float', possible loss of data
     1>c:\users\rebeccaj1211\desktop\cs3113-game-programming-master\sound\nyucodebase\main.cpp(370): warning C4244: '=' : conversion from 'double' to 'float', possible loss of data
     1>c:\users\rebeccaj1211\desktop\cs3113-game-programming-master\sound\nyucodebase\main.cpp(375): warning C4018: '<' : signed/unsigned mismatch
     1>c:\users\rebeccaj1211\desktop\cs3113-game-programming-master\sound\nyucodebase\main.cpp(502): warning C4305: 'argument' : truncation from 'double' to 'float'
     1>c:\users\rebeccaj1211\desktop\cs3113-game-programming-master\sound\nyucodebase\main.cpp(507): warning C4305: 'argument' : truncation from 'double' to 'float'
     1>c:\users\rebeccaj1211\desktop\cs3113-game-programming-master\sound\nyucodebase\main.cpp(514): warning C4305: 'argument' : truncation from 'double' to 'float'
     1>c:\users\rebeccaj1211\desktop\cs3113-game-programming-master\sound\nyucodebase\main.cpp(519): warning C4305: 'argument' : truncation from 'double' to 'float'
     1>c:\users\rebeccaj1211\desktop\cs3113-game-programming-master\sound\nyucodebase\main.cpp(554): warning C4018: '<' : signed/unsigned mismatch
     1>c:\users\rebeccaj1211\desktop\cs3113-game-programming-master\sound\nyucodebase\main.cpp(562): warning C4305: 'argument' : truncation from 'double' to 'float'
     1>c:\users\rebeccaj1211\desktop\cs3113-game-programming-master\sound\nyucodebase\main.cpp(565): warning C4018: '<' : signed/unsigned mismatch
     1>c:\users\rebeccaj1211\desktop\cs3113-game-programming-master\sound\nyucodebase\main.cpp(603): warning C4244: '+=' : conversion from 'double' to 'float', possible loss of data
     1>c:\users\rebeccaj1211\desktop\cs3113-game-programming-master\sound\nyucodebase\main.cpp(610): warning C4018: '<' : signed/unsigned mismatch
     1>c:\users\rebeccaj1211\desktop\cs3113-game-programming-master\sound\nyucodebase\main.cpp(635): warning C4018: '<' : signed/unsigned mismatch
     1>c:\users\rebeccaj1211\desktop\cs3113-game-programming-master\sound\nyucodebase\main.cpp(654): warning C4018: '<' : signed/unsigned mismatch
     1>c:\users\rebeccaj1211\desktop\cs3113-game-programming-master\sound\nyucodebase\main.cpp(667): warning C4018: '<' : signed/unsigned mismatch
     1>c:\users\rebeccaj1211\desktop\cs3113-game-programming-master\sound\nyucodebase\main.cpp(675): warning C4018: '<' : signed/unsigned mismatch
     1>c:\users\rebeccaj1211\desktop\cs3113-game-programming-master\sound\nyucodebase\main.cpp(690): warning C4018: '<' : signed/unsigned mismatch
     1>c:\users\rebeccaj1211\desktop\cs3113-game-programming-master\sound\nyucodebase\main.cpp(704): warning C4018: '<' : signed/unsigned mismatch
     1>c:\users\rebeccaj1211\desktop\cs3113-game-programming-master\sound\nyucodebase\main.cpp(714): warning C4018: '<' : signed/unsigned mismatch
     1>c:\users\rebeccaj1211\desktop\cs3113-game-programming-master\sound\nyucodebase\main.cpp(747): warning C4018: '<' : signed/unsigned mismatch
       Link:
         C:\Program Files (x86)\Microsoft Visual Studio 12.0\VC\bin\link.exe /ERRORREPORT:PROMPT /OUT:"C:\Users\rebeccaj1211\Desktop\CS3113-Game-Programming-master\sound\Debug\NYUCodebase.exe" /INCREMENTAL /NOLOGO /LIBPATH:C:\SDL2_mixer\lib\x86 /LIBPATH:C:\SDL2\lib\x86 /LIBPATH:C:\SDL2_image\lib\x86 /LIBPATH:C:\glew\lib\Release\Win32 SDL2.lib SDL2_mixer.lib glew32.lib SDL2main.lib SDL2_image.lib OpenGL32.lib /MANIFEST /MANIFESTUAC:"level='asInvoker' uiAccess='false'" /manifest:embed /DEBUG /PDB:"C:\Users\rebeccaj1211\Desktop\CS3113-Game-Programming-master\sound\Debug\NYUCodebase.pdb" /SUBSYSTEM:WINDOWS /TLBID:1 /DYNAMICBASE /NXCOMPAT /IMPLIB:"C:\Users\rebeccaj1211\Desktop\CS3113-Game-Programming-master\sound\Debug\NYUCodebase.lib" /MACHINE:X86 Debug\main.obj
         Debug\Matrix.obj
         Debug\ShaderProgram.obj
         NYUCodebase.vcxproj -> C:\Users\rebeccaj1211\Desktop\CS3113-Game-Programming-master\sound\Debug\NYUCodebase.exe
     1>Done Building Project "C:\Users\rebeccaj1211\Desktop\CS3113-Game-Programming-master\sound\NYUCodebase\NYUCodebase.vcxproj" (Build target(s)).

Build succeeded.

Time Elapsed 00:00:03.36
