c:\users\zaoli jiang\desktop\cs3113-master\project_template\windows\nyucodebase\nyucodebase\debug\vc140.pdb
c:\users\zaoli jiang\desktop\cs3113-master\project_template\windows\nyucodebase\nyucodebase\debug\vc140.idb
c:\users\zaoli jiang\desktop\cs3113-master\project_template\windows\nyucodebase\nyucodebase\debug\main.obj
c:\users\zaoli jiang\desktop\cs3113-master\project_template\windows\nyucodebase\nyucodebase\debug\matrix.obj
c:\users\zaoli jiang\desktop\cs3113-master\project_template\windows\nyucodebase\nyucodebase\debug\shaderprogram.obj
c:\users\zaoli jiang\desktop\cs3113-master\project_template\windows\nyucodebase\nyucodebase\debug\source.obj
c:\users\zaoli jiang\desktop\cs3113-master\project_template\windows\hw3\nyucodebase\debug\vc140.pdb
c:\users\zaoli jiang\desktop\cs3113-master\project_template\windows\hw3\nyucodebase\debug\vc140.idb
c:\users\zaoli jiang\desktop\cs3113-master\project_template\windows\hw3\nyucodebase\debug\main.obj
c:\users\zaoli jiang\desktop\cs3113-master\project_template\windows\hw3\nyucodebase\debug\matrix.obj
c:\users\zaoli jiang\desktop\cs3113-master\project_template\windows\hw3\nyucodebase\debug\shaderprogram.obj
c:\users\zaoli jiang\desktop\cs3113-master\project_template\windows\nyucodebase\debug\nyucodebase.ilk
c:\users\zaoli jiang\desktop\cs3113-master\project_template\windows\nyucodebase\debug\nyucodebase.exe
c:\users\zaoli jiang\desktop\cs3113-master\project_template\windows\nyucodebase\debug\nyucodebase.pdb
c:\users\zaoli jiang\desktop\cs3113-master\project_template\windows\hw3\debug\nyucodebase.ilk
c:\users\zaoli jiang\desktop\cs3113-master\project_template\windows\hw3\debug\nyucodebase.exe
c:\users\zaoli jiang\desktop\cs3113-master\project_template\windows\hw3\debug\nyucodebase.pdb
c:\users\rebeccaj1211\desktop\cs3113-game-programming-master\hw3\nyucodebase\debug\main.obj
c:\users\rebeccaj1211\desktop\cs3113-game-programming-master\hw3\nyucodebase\debug\matrix.obj
c:\users\rebeccaj1211\desktop\cs3113-game-programming-master\hw3\nyucodebase\debug\shaderprogram.obj
c:\users\rebeccaj1211\desktop\cs3113-game-programming-master\hw3\nyucodebase\debug\source.obj
c:\users\rebeccaj1211\desktop\cs3113-game-programming-master\hw3\nyucodebase\debug\vc140.idb
c:\users\rebeccaj1211\desktop\cs3113-game-programming-master\hw3\nyucodebase\debug\vc140.pdb
c:\users\rebeccaj1211\desktop\cs3113-game-programming-master\hw3\debug\nyucodebase.pdb
c:\users\rebeccaj1211\desktop\cs3113-game-programming-master\hw3\debug\nyucodebase.exe
c:\users\rebeccaj1211\desktop\cs3113-game-programming-master\hw3\debug\nyucodebase.ilk
c:\users\rebeccaj1211\desktop\cs3113-game-programming-master\hw3\nyucodebase\debug\nyucodebase.tlog\cl.command.1.tlog
c:\users\rebeccaj1211\desktop\cs3113-game-programming-master\hw3\nyucodebase\debug\nyucodebase.tlog\cl.read.1.tlog
c:\users\rebeccaj1211\desktop\cs3113-game-programming-master\hw3\nyucodebase\debug\nyucodebase.tlog\cl.write.1.tlog
c:\users\rebeccaj1211\desktop\cs3113-game-programming-master\hw3\nyucodebase\debug\nyucodebase.tlog\link.command.1.tlog
c:\users\rebeccaj1211\desktop\cs3113-game-programming-master\hw3\nyucodebase\debug\nyucodebase.tlog\link.read.1.tlog
c:\users\rebeccaj1211\desktop\cs3113-game-programming-master\hw3\nyucodebase\debug\nyucodebase.tlog\link.write.1.tlog
